<?xml version="1.0" encoding="UTF-8"?>
<!-- Generated by org.testng.reporters.JUnitXMLReporter -->
<testsuite ignored="0" hostname="Savagehunk" failures="1" tests="1" name="EdgeTest" time="14.588" errors="0" timestamp="2026-06-26T20:44:41 IST">
  <testcase classname="testCase.TC001_Login" name="verifyLogin" time="10.982">
    <failure type="java.lang.AssertionError" message="no such element: Unable to locate element: {&amp;quot;method&amp;quot;:&amp;quot;xpath&amp;quot;,&amp;quot;selector&amp;quot;:&amp;quot;//h2[normalize-space()=&amp;apos;My Account&amp;apos;]&amp;quot;}
  (Session info: MicrosoftEdge=149.0.4022.80)
For documentation on this error, please visit: https://www.selenium.dev/documentation/webdriver/troubleshooting/errors#nosuchelementexception
Build info: version: &amp;apos;4.45.0&amp;apos;, revision: &amp;apos;cd6a3cd cd6a3cdfca6970f62e5bc8344109d0fe0e2af05e&amp;apos;
System info: os.name: &amp;apos;Windows 11&amp;apos;, os.arch: &amp;apos;amd64&amp;apos;, os.version: &amp;apos;10.0&amp;apos;, java.version: &amp;apos;21.0.10&amp;apos;
Driver info: org.openqa.selenium.edge.EdgeDriver
Command: [40c32ad3c5e8eb043c3e34b2ff65e1c2, findElement {using=xpath, value=//h2[normalize-space()=&amp;apos;My Account&amp;apos;]}]
Capabilities {acceptInsecureCerts: false, browserName: MicrosoftEdge, browserVersion: 149.0.4022.80, fedcm:accounts: true, goog:processID: 18660, ms:edgeOptions: {debuggerAddress: localhost:53031}, msedge: {msedgedriverVersion: 149.0.4022.96 (62a32af5f9fc..., userDataDir: C:\Users\GAUTAM\AppData\Loc...}, networkConnectionEnabled: false, pageLoadStrategy: normal, platformName: windows, proxy: Proxy(), se:cdp: ws://localhost:53031/devtoo..., se:cdpVersion: 149.0.4022.80, setWindowRect: true, strictFileInteractability: false, timeouts: {implicit: 0, pageLoad: 300000, script: 30000}, unhandledPromptBehavior: dismiss and notify, webauthn:extension:credBlob: true, webauthn:extension:largeBlob: true, webauthn:extension:minPinLength: true, webauthn:extension:prf: true, webauthn:virtualAuthenticators: true}
Session ID: 40c32ad3c5e8eb043c3e34b2ff65e1c2">
      <![CDATA[java.lang.AssertionError: no such element: Unable to locate element: {"method":"xpath","selector":"//h2[normalize-space()='My Account']"}
  (Session info: MicrosoftEdge=149.0.4022.80)
For documentation on this error, please visit: https://www.selenium.dev/documentation/webdriver/troubleshooting/errors#nosuchelementexception
Build info: version: '4.45.0', revision: 'cd6a3cd cd6a3cdfca6970f62e5bc8344109d0fe0e2af05e'
System info: os.name: 'Windows 11', os.arch: 'amd64', os.version: '10.0', java.version: '21.0.10'
Driver info: org.openqa.selenium.edge.EdgeDriver
Command: [40c32ad3c5e8eb043c3e34b2ff65e1c2, findElement {using=xpath, value=//h2[normalize-space()='My Account']}]
Capabilities {acceptInsecureCerts: false, browserName: MicrosoftEdge, browserVersion: 149.0.4022.80, fedcm:accounts: true, goog:processID: 18660, ms:edgeOptions: {debuggerAddress: localhost:53031}, msedge: {msedgedriverVersion: 149.0.4022.96 (62a32af5f9fc..., userDataDir: C:\Users\GAUTAM\AppData\Loc...}, networkConnectionEnabled: false, pageLoadStrategy: normal, platformName: windows, proxy: Proxy(), se:cdp: ws://localhost:53031/devtoo..., se:cdpVersion: 149.0.4022.80, setWindowRect: true, strictFileInteractability: false, timeouts: {implicit: 0, pageLoad: 300000, script: 30000}, unhandledPromptBehavior: dismiss and notify, webauthn:extension:credBlob: true, webauthn:extension:largeBlob: true, webauthn:extension:minPinLength: true, webauthn:extension:prf: true, webauthn:virtualAuthenticators: true}
Session ID: 40c32ad3c5e8eb043c3e34b2ff65e1c2
at testCase.TC001_Login.verifyLogin(TC001_Login.java:51)
at java.base/java.util.ArrayList.forEach(ArrayList.java:1596)
... Removed 26 stack frames]]>
    </failure>
  </testcase> <!-- verifyLogin -->
</testsuite> <!-- EdgeTest -->
