<?xml version="1.0" encoding="UTF-8"?>
<testng-results ignored="0" total="1" passed="1" failed="0" skipped="0">
  <reporter-output>
  </reporter-output>
  <suite started-at="2026-06-26T22:03:19 IST" name="Suite" finished-at="2026-06-26T22:03:26 IST" duration-ms="6811">
    <groups>
      <group name="Master">
        <method signature="TC001_Login.verifyLogin()[pri:0, instance:testCase.TC001_Login@6e0dec4a]" name="verifyLogin" class="testCase.TC001_Login"/>
      </group> <!-- Master -->
      <group name="Sanity">
        <method signature="TC001_Login.verifyLogin()[pri:0, instance:testCase.TC001_Login@6e0dec4a]" name="verifyLogin" class="testCase.TC001_Login"/>
      </group> <!-- Sanity -->
      <group name="Regression">
        <method signature="TC001_Login.verifyLogin()[pri:0, instance:testCase.TC001_Login@6e0dec4a]" name="verifyLogin" class="testCase.TC001_Login"/>
      </group> <!-- Regression -->
    </groups>
    <test started-at="2026-06-26T22:03:19 IST" name="ChromeTest" finished-at="2026-06-26T22:03:26 IST" duration-ms="6811">
      <class name="testCase.TC001_Login">
        <test-method is-config="true" signature="setup(java.lang.String,java.lang.String)[pri:0, instance:testCase.TC001_Login@6e0dec4a]" started-at="2026-06-26T22:03:19 IST" name="setup" finished-at="2026-06-26T22:03:23 IST" duration-ms="3352" status="PASS">
          <params>
            <param index="0">
              <value>
                <![CDATA[Windows]]>
              </value>
            </param>
            <param index="1">
              <value>
                <![CDATA[Chrome]]>
              </value>
            </param>
          </params>
          <reporter-output>
          </reporter-output>
        </test-method> <!-- setup -->
        <test-method signature="verifyLogin()[pri:0, instance:testCase.TC001_Login@6e0dec4a]" started-at="2026-06-26T22:03:23 IST" name="verifyLogin" finished-at="2026-06-26T22:03:25 IST" duration-ms="2877" status="PASS">
          <reporter-output>
          </reporter-output>
        </test-method> <!-- verifyLogin -->
        <test-method is-config="true" signature="teardown()[pri:0, instance:testCase.TC001_Login@6e0dec4a]" started-at="2026-06-26T22:03:25 IST" name="teardown" finished-at="2026-06-26T22:03:26 IST" duration-ms="313" status="PASS">
          <reporter-output>
          </reporter-output>
        </test-method> <!-- teardown -->
      </class> <!-- testCase.TC001_Login -->
    </test> <!-- ChromeTest -->
  </suite> <!-- Suite -->
</testng-results>
