<?xml version="1.0" encoding="UTF-8"?>
<testng-results ignored="0" total="2" passed="2" failed="0" skipped="0">
  <reporter-output>
  </reporter-output>
  <suite started-at="2026-07-14T01:05:06 IST" name="Suite" finished-at="2026-07-14T01:05:19 IST" duration-ms="12594">
    <groups>
      <group name="Master">
        <method signature="TC001_Login.verifyLogin()[pri:0, instance:testCase.TC001_Login@682b2fa]" name="verifyLogin" class="testCase.TC001_Login"/>
        <method signature="TC001_Login.verifyLogin()[pri:0, instance:testCase.TC001_Login@6200f9cb]" name="verifyLogin" class="testCase.TC001_Login"/>
      </group> <!-- Master -->
      <group name="Sanity">
        <method signature="TC001_Login.verifyLogin()[pri:0, instance:testCase.TC001_Login@682b2fa]" name="verifyLogin" class="testCase.TC001_Login"/>
        <method signature="TC001_Login.verifyLogin()[pri:0, instance:testCase.TC001_Login@6200f9cb]" name="verifyLogin" class="testCase.TC001_Login"/>
      </group> <!-- Sanity -->
      <group name="Regression">
        <method signature="TC001_Login.verifyLogin()[pri:0, instance:testCase.TC001_Login@682b2fa]" name="verifyLogin" class="testCase.TC001_Login"/>
        <method signature="TC001_Login.verifyLogin()[pri:0, instance:testCase.TC001_Login@6200f9cb]" name="verifyLogin" class="testCase.TC001_Login"/>
      </group> <!-- Regression -->
    </groups>
    <test started-at="2026-07-14T01:05:06 IST" name="ChromeTest" finished-at="2026-07-14T01:05:13 IST" duration-ms="6765">
      <class name="testCase.TC001_Login">
        <test-method is-config="true" signature="setup(java.lang.String,java.lang.String)[pri:0, instance:testCase.TC001_Login@682b2fa]" started-at="2026-07-14T01:05:06 IST" name="setup" finished-at="2026-07-14T01:05:09 IST" duration-ms="3007" status="PASS">
          <params>
            <param index="0">
              <value>
                <![CDATA[Windows]]>
              </value>
            </param>
            <param index="1">
              <value>
                <![CDATA[Chrome]]>
              </value>
            </param>
          </params>
          <reporter-output>
          </reporter-output>
        </test-method> <!-- setup -->
        <test-method signature="verifyLogin()[pri:0, instance:testCase.TC001_Login@682b2fa]" started-at="2026-07-14T01:05:09 IST" name="verifyLogin" finished-at="2026-07-14T01:05:13 IST" duration-ms="3261" status="PASS">
          <reporter-output>
          </reporter-output>
        </test-method> <!-- verifyLogin -->
        <test-method is-config="true" signature="teardown()[pri:0, instance:testCase.TC001_Login@682b2fa]" started-at="2026-07-14T01:05:13 IST" name="teardown" finished-at="2026-07-14T01:05:13 IST" duration-ms="203" status="PASS">
          <reporter-output>
          </reporter-output>
        </test-method> <!-- teardown -->
      </class> <!-- testCase.TC001_Login -->
    </test> <!-- ChromeTest -->
    <test started-at="2026-07-14T01:05:13 IST" name="EdgeTest" finished-at="2026-07-14T01:05:19 IST" duration-ms="5445">
      <class name="testCase.TC001_Login">
        <test-method is-config="true" signature="setup(java.lang.String,java.lang.String)[pri:0, instance:testCase.TC001_Login@6200f9cb]" started-at="2026-07-14T01:05:13 IST" name="setup" finished-at="2026-07-14T01:05:15 IST" duration-ms="2060" status="PASS">
          <params>
            <param index="0">
              <value>
                <![CDATA[Windows]]>
              </value>
            </param>
            <param index="1">
              <value>
                <![CDATA[Edge]]>
              </value>
            </param>
          </params>
          <reporter-output>
          </reporter-output>
        </test-method> <!-- setup -->
        <test-method signature="verifyLogin()[pri:0, instance:testCase.TC001_Login@6200f9cb]" started-at="2026-07-14T01:05:15 IST" name="verifyLogin" finished-at="2026-07-14T01:05:18 IST" duration-ms="3116" status="PASS">
          <reporter-output>
          </reporter-output>
        </test-method> <!-- verifyLogin -->
        <test-method is-config="true" signature="teardown()[pri:0, instance:testCase.TC001_Login@6200f9cb]" started-at="2026-07-14T01:05:18 IST" name="teardown" finished-at="2026-07-14T01:05:19 IST" duration-ms="262" status="PASS">
          <reporter-output>
          </reporter-output>
        </test-method> <!-- teardown -->
      </class> <!-- testCase.TC001_Login -->
    </test> <!-- EdgeTest -->
  </suite> <!-- Suite -->
</testng-results>
